::1 - - [12/Aug/2019:10:38:17 +0000] "POST /google HTTP/1.1" 500 2104 "-" "PostmanRuntime/7.15.2"
::1 - - [12/Aug/2019:10:39:23 +0000] "POST /google/socketId=TWHs_VpcKjrgiWfQAAAF HTTP/1.1" 500 2104 "-" "PostmanRuntime/7.15.2"
::1 - - [12/Aug/2019:10:39:28 +0000] "POST /google/socketId=TWHs_VpcKjrgiWfQAAAF HTTP/1.1" 500 2104 "-" "PostmanRuntime/7.15.2"
::1 - - [12/Aug/2019:10:39:42 +0000] "POST /google?socketId=TWHs_VpcKjrgiWfQAAAF HTTP/1.1" 500 2104 "-" "PostmanRuntime/7.15.2"
::1 - - [12/Aug/2019:10:39:49 +0000] "GET /google?socketId=TWHs_VpcKjrgiWfQAAAF HTTP/1.1" 500 2104 "-" "PostmanRuntime/7.15.2"
::1 - - [12/Aug/2019:10:40:08 +0000] "GET /google?socketId=TWHs_VpcKjrgiWfQAAAF HTTP/1.1" 500 2104 "-" "PostmanRuntime/7.15.2"
::1 - - [12/Aug/2019:10:40:09 +0000] "GET /google?socketId=TWHs_VpcKjrgiWfQAAAF HTTP/1.1" 500 2104 "-" "PostmanRuntime/7.15.2"
::1 - - [12/Aug/2019:10:40:09 +0000] "GET /google?socketId=TWHs_VpcKjrgiWfQAAAF HTTP/1.1" 500 2104 "-" "PostmanRuntime/7.15.2"
::1 - - [12/Aug/2019:10:40:17 +0000] "GET /facebook?socketId=TWHs_VpcKjrgiWfQAAAF HTTP/1.1" 500 2104 "-" "PostmanRuntime/7.15.2"
::1 - - [12/Aug/2019:10:40:38 +0000] "GET /facebook?socketId=TWHs_VpcKjrgiWfQAAAF HTTP/1.1" 500 2104 "-" "PostmanRuntime/7.15.2"
::1 - - [12/Aug/2019:10:40:39 +0000] "GET /facebook?socketId=TWHs_VpcKjrgiWfQAAAF HTTP/1.1" 500 2104 "-" "PostmanRuntime/7.15.2"
::1 - - [12/Aug/2019:10:42:48 +0000] "GET /facebook?socketId=TWHs_VpcKjrgiWfQAAAF HTTP/1.1" 500 2104 "-" "PostmanRuntime/7.15.2"
::1 - - [12/Aug/2019:10:44:25 +0000] "GET /facebook?socketId=TWHs_VpcKjrgiWfQAAAF HTTP/1.1" 500 2104 "-" "PostmanRuntime/7.15.2"
::1 - - [12/Aug/2019:10:44:44 +0000] "GET /facebook?socketId=TWHs_VpcKjrgiWfQAAAF HTTP/1.1" 302 0 "-" "PostmanRuntime/7.15.2"
::1 - - [12/Aug/2019:10:45:18 +0000] "GET /google?socketId=TWHs_VpcKjrgiWfQAAAF HTTP/1.1" 302 0 "-" "PostmanRuntime/7.15.2"
::1 - - [12/Aug/2019:10:46:01 +0000] "GET /google?socketId=TWHs_VpcKjrgiWfQAAAF HTTP/1.1" 302 0 "-" "PostmanRuntime/7.15.2"
::1 - - [12/Aug/2019:10:46:12 +0000] "GET /facebook?socketId=TWHs_VpcKjrgiWfQAAAF HTTP/1.1" 302 0 "-" "PostmanRuntime/7.15.2"
::1 - - [12/Aug/2019:10:46:50 +0000] "GET /github?socketId=TWHs_VpcKjrgiWfQAAAF HTTP/1.1" 302 0 "-" "PostmanRuntime/7.15.2"
::1 - - [12/Aug/2019:10:47:45 +0000] "GET /github?socketId=TWHs_VpcKjrgiWfQAAAF HTTP/1.1" 302 0 "-" "PostmanRuntime/7.15.2"
::1 - - [12/Aug/2019:10:48:02 +0000] "GET /facebook?socketId=Ho8iVnQrGiBtCo6oAAAB HTTP/1.1" 302 0 "-" "Mozilla/5.0 (Windows NT 10.0; Win64; x64) AppleWebKit/537.36 (KHTML, like Gecko) Chrome/76.0.3809.100 Safari/537.36"
::1 - - [12/Aug/2019:10:48:11 +0000] "GET /google?socketId=9x-_UghvxduncqQMAAAC HTTP/1.1" 302 0 "-" "Mozilla/5.0 (Windows NT 10.0; Win64; x64) AppleWebKit/537.36 (KHTML, like Gecko) Chrome/76.0.3809.100 Safari/537.36"
::1 - - [12/Aug/2019:10:48:20 +0000] "GET /github?socketId=fVnCJ_CaCDw6MTJZAAAD HTTP/1.1" 302 0 "-" "Mozilla/5.0 (Windows NT 10.0; Win64; x64) AppleWebKit/537.36 (KHTML, like Gecko) Chrome/76.0.3809.100 Safari/537.36"
::1 - - [12/Aug/2019:10:48:29 +0000] "GET /github?socketId=3EwmhirTKE0HjQ_1AAAE HTTP/1.1" 302 0 "-" "Mozilla/5.0 (Windows NT 10.0; Win64; x64) AppleWebKit/537.36 (KHTML, like Gecko) Chrome/76.0.3809.100 Safari/537.36"
::1 - - [12/Aug/2019:10:48:47 +0000] "GET /facebook?socketId=hTdUJb-p8SI6ScnKAAAF HTTP/1.1" 302 0 "-" "PostmanRuntime/7.15.2"
::1 - - [12/Aug/2019:10:48:55 +0000] "GET /google?socketId=6Wiin0Goe24Jup5WAAAG HTTP/1.1" 302 0 "-" "PostmanRuntime/7.15.2"
::1 - - [12/Aug/2019:10:50:08 +0000] "GET /google?socketId=HSsajvYitXxfoFS3AAAD HTTP/1.1" 302 0 "-" "Mozilla/5.0 (Windows NT 10.0; Win64; x64) AppleWebKit/537.36 (KHTML, like Gecko) Chrome/76.0.3809.100 Safari/537.36"
::1 - - [12/Aug/2019:10:50:22 +0000] "GET /facebook?socketId=FalIl_ggyTIFkwMXAAAE HTTP/1.1" 302 0 "-" "Mozilla/5.0 (Windows NT 10.0; Win64; x64) AppleWebKit/537.36 (KHTML, like Gecko) Chrome/76.0.3809.100 Safari/537.36"
::1 - - [12/Aug/2019:10:50:29 +0000] "GET /github?socketId=jFBWJh_FPLE0VPmnAAAF HTTP/1.1" 302 0 "-" "Mozilla/5.0 (Windows NT 10.0; Win64; x64) AppleWebKit/537.36 (KHTML, like Gecko) Chrome/76.0.3809.100 Safari/537.36"
::1 - - [12/Aug/2019:10:50:37 +0000] "GET /github?socketId=elfMqb74Ju-ErPG7AAAG HTTP/1.1" 302 0 "-" "PostmanRuntime/7.15.2"
::1 - - [12/Aug/2019:10:51:18 +0000] "GET /facebook?socketId=elfMqb74Ju-ErPG7AAAG HTTP/1.1" 302 0 "-" "PostmanRuntime/7.15.2"
::1 - - [12/Aug/2019:11:10:38 +0000] "GET /google?socketId=BH99G29fK1DsAuswAAAE HTTP/1.1" 302 0 "-" "Mozilla/5.0 (Windows NT 10.0; Win64; x64) AppleWebKit/537.36 (KHTML, like Gecko) Chrome/76.0.3809.100 Safari/537.36"
::1 - - [12/Aug/2019:11:10:48 +0000] "GET /facebook?socketId=elfMqb74Ju-ErPG7AAAG HTTP/1.1" 302 0 "-" "PostmanRuntime/7.15.2"
::1 - - [12/Aug/2019:11:10:59 +0000] "GET /github?socketId=elfMqb74Ju-ErPG7AAAG HTTP/1.1" 302 0 "-" "PostmanRuntime/7.15.2"
::1 - - [12/Aug/2019:11:11:16 +0000] "GET /google?socketId=teLOmY4FA-clCBRoAAAG HTTP/1.1" 302 0 "-" "Mozilla/5.0 (Windows NT 10.0; Win64; x64) AppleWebKit/537.36 (KHTML, like Gecko) Chrome/76.0.3809.100 Safari/537.36"
::1 - - [12/Aug/2019:11:11:22 +0000] "GET /github?socketId=DKi_a1gt6LhhdwCLAAAH HTTP/1.1" 302 0 "-" "Mozilla/5.0 (Windows NT 10.0; Win64; x64) AppleWebKit/537.36 (KHTML, like Gecko) Chrome/76.0.3809.100 Safari/537.36"
::1 - - [12/Aug/2019:11:13:18 +0000] "GET /google?socketId=oC8z5ahWAlQXGsIJAAAL HTTP/1.1" 302 0 "-" "Mozilla/5.0 (Windows NT 10.0; Win64; x64) AppleWebKit/537.36 (KHTML, like Gecko) Chrome/76.0.3809.100 Safari/537.36"
::1 - - [12/Aug/2019:11:13:22 +0000] "GET /facebook?socketId=t-EJva5yetf8p7chAAAM HTTP/1.1" 302 0 "-" "Mozilla/5.0 (Windows NT 10.0; Win64; x64) AppleWebKit/537.36 (KHTML, like Gecko) Chrome/76.0.3809.100 Safari/537.36"
::1 - - [12/Aug/2019:11:24:28 +0000] "GET /facebook?socketId=EgEF871Iar4hI7_2AAAN HTTP/1.1" 302 0 "-" "Mozilla/5.0 (Windows NT 10.0; Win64; x64) AppleWebKit/537.36 (KHTML, like Gecko) Chrome/76.0.3809.100 Safari/537.36"
::1 - - [12/Aug/2019:11:24:49 +0000] "GET /facebook?socketId=v4vnYvYcwMvk_HAOAAAA HTTP/1.1" 302 0 "-" "Mozilla/5.0 (Windows NT 10.0; Win64; x64) AppleWebKit/537.36 (KHTML, like Gecko) Chrome/76.0.3809.100 Safari/537.36"
::1 - - [12/Aug/2019:11:26:08 +0000] "GET /facebook?socketId=68vBkRLrswP0_PFpAAAB HTTP/1.1" 302 0 "-" "Mozilla/5.0 (Windows NT 10.0; Win64; x64) AppleWebKit/537.36 (KHTML, like Gecko) Chrome/76.0.3809.100 Safari/537.36"
::1 - - [12/Aug/2019:11:27:36 +0000] "GET /facebook?socketId=Q4dQmTdwngMOyviIAAAC HTTP/1.1" 302 0 "-" "Mozilla/5.0 (Windows NT 10.0; Win64; x64) AppleWebKit/537.36 (KHTML, like Gecko) Chrome/76.0.3809.100 Safari/537.36"
::1 - - [12/Aug/2019:11:27:59 +0000] "GET /facebook/callback?code=AQBGkpC9nowV9b4NcBnldafbDCj8Ub4DHWPhQ6-41iAB9jp-2zCz_FMGmeqnf3See9aJvO2Glz755qGUZtLiAF4fwv5JjgLZ6MRVrf5lQpMKNiHqzdInP7pKhSoF866HBgeFGQ8Z6pyEqYdqkD19XQbUA8GDZmP06w9M7T1FLXguGKD6-hGuxjeHa6tEwa2Kx2XmIGIqpJsi4q6foYhLRanmqrXiIlUcUx20SBNj6QmePWF6dcx0ymMdmtfnzWGHLuE4WlWyzRe5gDBBqK3Obp4Qk-p71ttvrEo8q2EebuhH5U6ZYHfQrlytnbMejh-y59ukJqzjZC8LyLsFr8eaBPdz HTTP/1.1" 200 - "-" "Mozilla/5.0 (Windows NT 10.0; Win64; x64) AppleWebKit/537.36 (KHTML, like Gecko) Chrome/76.0.3809.100 Safari/537.36"
::1 - - [12/Aug/2019:11:27:59 +0000] "GET /favicon.ico HTTP/1.1" 404 150 "http://localhost:8000/facebook/callback?code=AQBGkpC9nowV9b4NcBnldafbDCj8Ub4DHWPhQ6-41iAB9jp-2zCz_FMGmeqnf3See9aJvO2Glz755qGUZtLiAF4fwv5JjgLZ6MRVrf5lQpMKNiHqzdInP7pKhSoF866HBgeFGQ8Z6pyEqYdqkD19XQbUA8GDZmP06w9M7T1FLXguGKD6-hGuxjeHa6tEwa2Kx2XmIGIqpJsi4q6foYhLRanmqrXiIlUcUx20SBNj6QmePWF6dcx0ymMdmtfnzWGHLuE4WlWyzRe5gDBBqK3Obp4Qk-p71ttvrEo8q2EebuhH5U6ZYHfQrlytnbMejh-y59ukJqzjZC8LyLsFr8eaBPdz" "Mozilla/5.0 (Windows NT 10.0; Win64; x64) AppleWebKit/537.36 (KHTML, like Gecko) Chrome/76.0.3809.100 Safari/537.36"
::1 - - [12/Aug/2019:11:28:04 +0000] "GET /facebook/callback?code=AQBGkpC9nowV9b4NcBnldafbDCj8Ub4DHWPhQ6-41iAB9jp-2zCz_FMGmeqnf3See9aJvO2Glz755qGUZtLiAF4fwv5JjgLZ6MRVrf5lQpMKNiHqzdInP7pKhSoF866HBgeFGQ8Z6pyEqYdqkD19XQbUA8GDZmP06w9M7T1FLXguGKD6-hGuxjeHa6tEwa2Kx2XmIGIqpJsi4q6foYhLRanmqrXiIlUcUx20SBNj6QmePWF6dcx0ymMdmtfnzWGHLuE4WlWyzRe5gDBBqK3Obp4Qk-p71ttvrEo8q2EebuhH5U6ZYHfQrlytnbMejh-y59ukJqzjZC8LyLsFr8eaBPdz HTTP/1.1" - - "-" "Mozilla/5.0 (Windows NT 10.0; Win64; x64) AppleWebKit/537.36 (KHTML, like Gecko) Chrome/76.0.3809.100 Safari/537.36"
::1 - - [12/Aug/2019:11:28:04 +0000] "GET /facebook/callback?code=AQBGkpC9nowV9b4NcBnldafbDCj8Ub4DHWPhQ6-41iAB9jp-2zCz_FMGmeqnf3See9aJvO2Glz755qGUZtLiAF4fwv5JjgLZ6MRVrf5lQpMKNiHqzdInP7pKhSoF866HBgeFGQ8Z6pyEqYdqkD19XQbUA8GDZmP06w9M7T1FLXguGKD6-hGuxjeHa6tEwa2Kx2XmIGIqpJsi4q6foYhLRanmqrXiIlUcUx20SBNj6QmePWF6dcx0ymMdmtfnzWGHLuE4WlWyzRe5gDBBqK3Obp4Qk-p71ttvrEo8q2EebuhH5U6ZYHfQrlytnbMejh-y59ukJqzjZC8LyLsFr8eaBPdz HTTP/1.1" - - "-" "Mozilla/5.0 (Windows NT 10.0; Win64; x64) AppleWebKit/537.36 (KHTML, like Gecko) Chrome/76.0.3809.100 Safari/537.36"
::1 - - [12/Aug/2019:11:28:04 +0000] "GET /facebook/callback?code=AQBGkpC9nowV9b4NcBnldafbDCj8Ub4DHWPhQ6-41iAB9jp-2zCz_FMGmeqnf3See9aJvO2Glz755qGUZtLiAF4fwv5JjgLZ6MRVrf5lQpMKNiHqzdInP7pKhSoF866HBgeFGQ8Z6pyEqYdqkD19XQbUA8GDZmP06w9M7T1FLXguGKD6-hGuxjeHa6tEwa2Kx2XmIGIqpJsi4q6foYhLRanmqrXiIlUcUx20SBNj6QmePWF6dcx0ymMdmtfnzWGHLuE4WlWyzRe5gDBBqK3Obp4Qk-p71ttvrEo8q2EebuhH5U6ZYHfQrlytnbMejh-y59ukJqzjZC8LyLsFr8eaBPdz HTTP/1.1" 500 1129 "-" "Mozilla/5.0 (Windows NT 10.0; Win64; x64) AppleWebKit/537.36 (KHTML, like Gecko) Chrome/76.0.3809.100 Safari/537.36"
::1 - - [12/Aug/2019:11:31:34 +0000] "GET /facebook?socketId=XFKO5yUkKfW-a50rAAAA HTTP/1.1" 302 0 "-" "Mozilla/5.0 (Windows NT 10.0; Win64; x64) AppleWebKit/537.36 (KHTML, like Gecko) Chrome/76.0.3809.100 Safari/537.36"
::1 - - [12/Aug/2019:11:33:12 +0000] "GET /google?socketId=bDcmzo3HUHz-TJeXAAAB HTTP/1.1" 302 0 "-" "Mozilla/5.0 (Windows NT 10.0; Win64; x64) AppleWebKit/537.36 (KHTML, like Gecko) Chrome/76.0.3809.100 Safari/537.36"
::1 - - [12/Aug/2019:11:33:18 +0000] "GET /github?socketId=sZq49XPQUs70XecSAAAC HTTP/1.1" 302 0 "-" "Mozilla/5.0 (Windows NT 10.0; Win64; x64) AppleWebKit/537.36 (KHTML, like Gecko) Chrome/76.0.3809.100 Safari/537.36"
::1 - - [12/Aug/2019:11:33:28 +0000] "GET /facebook?socketId=KHGTZIrMhGMsgaS2AAAD HTTP/1.1" 302 0 "-" "Mozilla/5.0 (Windows NT 10.0; Win64; x64) AppleWebKit/537.36 (KHTML, like Gecko) Chrome/76.0.3809.100 Safari/537.36"
::1 - - [12/Aug/2019:11:35:04 +0000] "GET /facebook?socketId=ohi0H4qcHYHAjX77AAAJ HTTP/1.1" 302 0 "-" "Mozilla/5.0 (Windows NT 10.0; Win64; x64) AppleWebKit/537.36 (KHTML, like Gecko) Chrome/76.0.3809.100 Safari/537.36"
::1 - - [12/Aug/2019:11:37:22 +0000] "GET /facebook?socketId=ANpLMl-hChqJYdd2AAAL HTTP/1.1" 302 0 "-" "Mozilla/5.0 (Windows NT 10.0; Win64; x64; rv:68.0) Gecko/20100101 Firefox/68.0"
::1 - - [12/Aug/2019:11:37:37 +0000] "GET /facebook?socketId=ANpLMl-hChqJYdd2AAAL HTTP/1.1" 302 0 "-" "Mozilla/5.0 (Windows NT 10.0; Win64; x64) AppleWebKit/537.36 (KHTML, like Gecko) Chrome/75.0.3770.142 Safari/537.36 OPR/62.0.3331.116"
::1 - - [12/Aug/2019:11:37:56 +0000] "GET /facebook?socketId=6Topqg6dAIfEsXCfAAAN HTTP/1.1" 302 0 "-" "Mozilla/5.0 (Windows NT 10.0; Win64; x64) AppleWebKit/537.36 (KHTML, like Gecko) Chrome/75.0.3770.142 Safari/537.36 OPR/62.0.3331.116"
::1 - - [12/Aug/2019:11:38:09 +0000] "GET /google?socketId=eGjZRsLUfuVLrzhAAAAO HTTP/1.1" 302 0 "-" "Mozilla/5.0 (Windows NT 10.0; Win64; x64) AppleWebKit/537.36 (KHTML, like Gecko) Chrome/75.0.3770.142 Safari/537.36 OPR/62.0.3331.116"
::1 - - [12/Aug/2019:11:38:14 +0000] "GET /github?socketId=9cnoT3qEE6cyfqSHAAAP HTTP/1.1" 302 0 "-" "Mozilla/5.0 (Windows NT 10.0; Win64; x64) AppleWebKit/537.36 (KHTML, like Gecko) Chrome/75.0.3770.142 Safari/537.36 OPR/62.0.3331.116"
::1 - - [12/Aug/2019:12:09:17 +0000] "GET /facebook?socketId=6tYvdxsuhDuFhg2xAAAJ HTTP/1.1" 302 0 "-" "Mozilla/5.0 (Windows NT 10.0; Win64; x64) AppleWebKit/537.36 (KHTML, like Gecko) Chrome/76.0.3809.100 Safari/537.36"
::1 - - [12/Aug/2019:12:09:20 +0000] "GET /google?socketId=6tYvdxsuhDuFhg2xAAAJ HTTP/1.1" 302 0 "-" "Mozilla/5.0 (Windows NT 10.0; Win64; x64) AppleWebKit/537.36 (KHTML, like Gecko) Chrome/76.0.3809.100 Safari/537.36"
